<?xml version="1.0" encoding="UTF-8"?>
<!-- Generated by org.testng.reporters.JUnitXMLReporter -->
<testsuite ignored="0" hostname="N-5CG2145X6N" failures="0" tests="3" name="Default test" time="0.314" errors="0" timestamp="2022-10-21T10:56:23 IST">
  <testcase classname="DataProviderTestNG.Excelfilez" name="testcaseData" time="0.012"/>
  <testcase classname="DataProviderTestNG.Excelfilez" name="testcaseData" time="0.001"/>
  <testcase classname="DataProviderTestNG.Excelfilez" name="testcaseData" time="0.001"/>
</testsuite> <!-- Default test -->
